Build started 13/03/2015 20:07:20.
     1>Project "C:\Users\Alex\Documents\SOFT323 Pt2 Submission\AS_FPS_10402796\AS_FPS_10402796\AS_FPS_10402796.vcxproj" on node 2 (Build target(s)).
     1>ClCompile:
         C:\Program Files (x86)\Microsoft Visual Studio 11.0\VC\bin\CL.exe /c /ZI /nologo /W3 /WX- /Od /Oy- /D WIN32 /D _DEBUG /D _WINDOWS /D _UNICODE /D UNICODE /Gm /EHsc /RTC1 /MDd /GS /fp:precise /Zc:wchar_t /Zc:forScope /Fo"Debug\\" /Fd"Debug\vc110.pdb" /Gd /TP /analyze- /errorReport:prompt ASSound.cpp
         ASSound.cpp
       Link:
         C:\Program Files (x86)\Microsoft Visual Studio 11.0\VC\bin\link.exe /ERRORREPORT:PROMPT /OUT:"C:\Users\Alex\Documents\SOFT323 Pt2 Submission\AS_FPS_10402796\Debug\AS_FPS_10402796.exe" /INCREMENTAL /NOLOGO kernel32.lib user32.lib gdi32.lib winspool.lib comdlg32.lib advapi32.lib shell32.lib ole32.lib oleaut32.lib uuid.lib odbc32.lib odbccp32.lib /MANIFEST /MANIFESTUAC:"level='asInvoker' uiAccess='false'" /manifest:embed /DEBUG /PDB:"C:\Users\Alex\Documents\SOFT323 Pt2 Submission\AS_FPS_10402796\Debug\AS_FPS_10402796.pdb" /SUBSYSTEM:WINDOWS /TLBID:1 /DYNAMICBASE /NXCOMPAT /IMPLIB:"C:\Users\Alex\Documents\SOFT323 Pt2 Submission\AS_FPS_10402796\Debug\AS_FPS_10402796.lib" /MACHINE:X86 Debug\ASCamera.obj
         Debug\ASDirect3D.obj
         Debug\ASEngine.obj
         Debug\ASGraphics.obj
         Debug\ASInput.obj
         Debug\ASLight.obj
         Debug\ASLightShader.obj
         Debug\ASModel.obj
         Debug\ASSound.obj
         Debug\ASTexture.obj
         Debug\main.obj
         AS_FPS_10402796.vcxproj -> C:\Users\Alex\Documents\SOFT323 Pt2 Submission\AS_FPS_10402796\Debug\AS_FPS_10402796.exe
     1>Done Building Project "C:\Users\Alex\Documents\SOFT323 Pt2 Submission\AS_FPS_10402796\AS_FPS_10402796\AS_FPS_10402796.vcxproj" (Build target(s)).

Build succeeded.

Time Elapsed 00:00:00.76
