C:\USERS\ALEX\DOCUMENTS\SOFT323 PT2 SUBMISSION\AS_FPS_10402796\AS_FPS_10402796\DEBUG\ASENGINE.OBJ
C:\USERS\ALEX\DOCUMENTS\SOFT323 PT2 SUBMISSION\AS_FPS_10402796\AS_FPS_10402796\DEBUG\ASINPUT.OBJ
C:\USERS\ALEX\DOCUMENTS\SOFT323 PT2 SUBMISSION\AS_FPS_10402796\AS_FPS_10402796\DEBUG\MAIN.OBJ
C:\USERS\ALEX\DOCUMENTS\SOFT323 PT2 SUBMISSION\AS_FPS_10402796\AS_FPS_10402796\DEBUG\VC110.PDB
C:\USERS\ALEX\DOCUMENTS\SOFT323 PT2 SUBMISSION\AS_FPS_10402796\AS_FPS_10402796\DEBUG\ASGRAPHICS.OBJ
C:\USERS\ALEX\DOCUMENTS\SOFT323 PT2 SUBMISSION\AS_FPS_10402796\DEBUG\AS_FPS_10402796.ILK
C:\USERS\ALEX\DOCUMENTS\SOFT323 PT2 SUBMISSION\AS_FPS_10402796\DEBUG\AS_FPS_10402796.EXE
C:\USERS\ALEX\DOCUMENTS\SOFT323 PT2 SUBMISSION\AS_FPS_10402796\DEBUG\AS_FPS_10402796.PDB
C:\Users\Alex\Documents\SOFT323 Pt2 Submission\AS_FPS_10402796\AS_FPS_10402796\Debug\ASEngine.obj
C:\Users\Alex\Documents\SOFT323 Pt2 Submission\AS_FPS_10402796\AS_FPS_10402796\Debug\ASGraphics.obj
C:\Users\Alex\Documents\SOFT323 Pt2 Submission\AS_FPS_10402796\AS_FPS_10402796\Debug\ASInput.obj
C:\Users\Alex\Documents\SOFT323 Pt2 Submission\AS_FPS_10402796\AS_FPS_10402796\Debug\main.obj
C:\Users\Alex\Documents\SOFT323 Pt2 Submission\AS_FPS_10402796\AS_FPS_10402796\Debug\cl.command.1.tlog
C:\Users\Alex\Documents\SOFT323 Pt2 Submission\AS_FPS_10402796\AS_FPS_10402796\Debug\CL.read.1.tlog
C:\Users\Alex\Documents\SOFT323 Pt2 Submission\AS_FPS_10402796\AS_FPS_10402796\Debug\CL.write.1.tlog
C:\Users\Alex\Documents\SOFT323 Pt2 Submission\AS_FPS_10402796\AS_FPS_10402796\Debug\link-cvtres.read.1.tlog
C:\Users\Alex\Documents\SOFT323 Pt2 Submission\AS_FPS_10402796\AS_FPS_10402796\Debug\link-cvtres.write.1.tlog
C:\Users\Alex\Documents\SOFT323 Pt2 Submission\AS_FPS_10402796\AS_FPS_10402796\Debug\link-rc.read.1.tlog
C:\Users\Alex\Documents\SOFT323 Pt2 Submission\AS_FPS_10402796\AS_FPS_10402796\Debug\link-rc.write.1.tlog
C:\Users\Alex\Documents\SOFT323 Pt2 Submission\AS_FPS_10402796\AS_FPS_10402796\Debug\link.command.1.tlog
C:\Users\Alex\Documents\SOFT323 Pt2 Submission\AS_FPS_10402796\AS_FPS_10402796\Debug\link.read.1.tlog
C:\Users\Alex\Documents\SOFT323 Pt2 Submission\AS_FPS_10402796\AS_FPS_10402796\Debug\link.write.1.tlog
C:\Users\Alex\Documents\SOFT323 Pt2 Submission\AS_FPS_10402796\AS_FPS_10402796\Debug\vc110.idb
C:\Users\Alex\Documents\SOFT323 Pt2 Submission\AS_FPS_10402796\AS_FPS_10402796\Debug\vc110.pdb
C:\Users\Alex\Documents\SOFT323 Pt2 Submission\AS_FPS_10402796\Debug\AS_FPS_10402796.pdb
C:\Users\Alex\Documents\SOFT323 Pt2 Submission\AS_FPS_10402796\Debug\AS_FPS_10402796.exe
C:\Users\Alex\Documents\SOFT323 Pt2 Submission\AS_FPS_10402796\Debug\AS_FPS_10402796.ilk
